2026-03-11 15:19:41,278 - INFO - Runner started.
2026-03-11 15:19:41,279 - INFO - Starting job: run_juror_nse_live.py
2026-03-11 15:19:49,400 - INFO - Successfully finished job: run_juror_nse_live.py
2026-03-11 15:19:49,400 - INFO - Starting job: daily_decision_engine.py
2026-03-11 15:19:56,164 - INFO - Successfully finished job: daily_decision_engine.py
2026-03-11 15:30:56,217 - INFO - Starting job: log_daily_performance.py
2026-03-11 15:31:00,964 - INFO - Successfully finished job: log_daily_performance.py
2026-03-11 16:43:11,603 - INFO - Runner stopped by user.
2026-03-17 13:11:07,112 - INFO - Runner started. LIVE_MODE: False, MaxTrades: 5, DailyLossCap: 500.0
2026-03-17 13:11:07,113 - INFO - Starting job: run_juror_nse_live.py
2026-03-17 13:11:22,440 - INFO - Successfully finished job: run_juror_nse_live.py
2026-03-17 13:11:22,440 - INFO - Starting job: daily_decision_engine (native with watcher)
2026-03-17 13:11:38,335 - ERROR - HTTP Error 404: {"quoteSummary":{"result":null,"error":{"code":"Not Found","description":"Quote not found for symbol: DEF.NS"}}}
2026-03-17 13:11:39,082 - ERROR - $DEF.NS: possibly delisted; no timezone found
2026-03-17 13:11:39,090 - ERROR - 
1 Failed download:
2026-03-17 13:11:39,091 - ERROR - ['DEF.NS']: possibly delisted; no timezone found
2026-03-17 13:11:43,369 - ERROR - HTTP Error 404: {"quoteSummary":{"result":null,"error":{"code":"Not Found","description":"Quote not found for symbol: ABC.NS"}}}
2026-03-17 13:11:44,073 - ERROR - $ABC.NS: possibly delisted; no timezone found
2026-03-17 13:11:44,073 - ERROR - 
1 Failed download:
2026-03-17 13:11:44,074 - ERROR - ['ABC.NS']: possibly delisted; no timezone found
2026-03-17 13:26:44,131 - INFO - Starting job: run_juror_nse_live.py
2026-03-17 13:26:53,866 - INFO - Successfully finished job: run_juror_nse_live.py
2026-03-17 13:26:53,866 - INFO - Starting job: daily_decision_engine (native with watcher)
2026-03-17 13:27:04,266 - ERROR - $DEF.NS: possibly delisted; no timezone found
2026-03-17 13:27:04,276 - ERROR - 
1 Failed download:
2026-03-17 13:27:04,277 - ERROR - ['DEF.NS']: possibly delisted; no timezone found
2026-03-17 13:27:04,281 - ERROR - $ABC.NS: possibly delisted; no timezone found
2026-03-17 13:27:04,292 - ERROR - 
1 Failed download:
2026-03-17 13:27:04,292 - ERROR - ['ABC.NS']: possibly delisted; no timezone found
2026-03-17 13:41:23,088 - INFO - Runner stopped by user.
